{"/Users/brenmurrell/dev/storypark/spotipark/src/components/Search/SearchInput.tsx": {"path":"/Users/brenmurrell/dev/storypark/spotipark/src/components/Search/SearchInput.tsx","all":false,"statementMap":{"0":{"start":{"line":1,"column":0},"end":{"line":1,"column":51}},"6":{"start":{"line":7,"column":0},"end":{"line":7,"column":67}},"7":{"start":{"line":8,"column":0},"end":{"line":8,"column":63}},"9":{"start":{"line":10,"column":0},"end":{"line":10,"column":21}},"11":{"start":{"line":12,"column":0},"end":{"line":12,"column":40}},"12":{"start":{"line":13,"column":0},"end":{"line":13,"column":49}},"13":{"start":{"line":14,"column":0},"end":{"line":14,"column":41}},"14":{"start":{"line":15,"column":0},"end":{"line":15,"column":17}},"17":{"start":{"line":18,"column":0},"end":{"line":18,"column":41}},"20":{"start":{"line":21,"column":0},"end":{"line":21,"column":21}},"22":{"start":{"line":23,"column":0},"end":{"line":23,"column":79}},"24":{"start":{"line":25,"column":0},"end":{"line":25,"column":43}},"25":{"start":{"line":26,"column":0},"end":{"line":26,"column":6}},"27":{"start":{"line":28,"column":0},"end":{"line":28,"column":12}},"28":{"start":{"line":29,"column":0},"end":{"line":29,"column":13}},"29":{"start":{"line":30,"column":0},"end":{"line":30,"column":115}},"30":{"start":{"line":31,"column":0},"end":{"line":31,"column":14}},"32":{"start":{"line":33,"column":0},"end":{"line":33,"column":2}},"34":{"start":{"line":35,"column":0},"end":{"line":35,"column":27}}},"s":{"0":1,"6":1,"7":7,"9":7,"11":7,"12":0,"13":0,"14":7,"17":7,"20":7,"22":7,"24":5,"25":5,"27":7,"28":7,"29":7,"30":7,"32":7,"34":1},"branchMap":{"0":{"type":"branch","line":7,"loc":{"start":{"line":7,"column":48},"end":{"line":33,"column":2}},"locations":[{"start":{"line":7,"column":48},"end":{"line":33,"column":2}}]},"1":{"type":"branch","line":10,"loc":{"start":{"line":10,"column":14},"end":{"line":21,"column":7}},"locations":[{"start":{"line":10,"column":14},"end":{"line":21,"column":7}}]},"2":{"type":"branch","line":18,"loc":{"start":{"line":18,"column":15},"end":{"line":18,"column":41}},"locations":[{"start":{"line":18,"column":15},"end":{"line":18,"column":41}}]},"3":{"type":"branch","line":23,"loc":{"start":{"line":23,"column":30},"end":{"line":26,"column":6}},"locations":[{"start":{"line":23,"column":30},"end":{"line":26,"column":6}}]}},"b":{"0":[7],"1":[7],"2":[7],"3":[5]},"fnMap":{"0":{"name":"SearchInput","decl":{"start":{"line":7,"column":48},"end":{"line":33,"column":2}},"loc":{"start":{"line":7,"column":48},"end":{"line":33,"column":2}},"line":7},"1":{"name":"handleInputChange","decl":{"start":{"line":23,"column":30},"end":{"line":26,"column":6}},"loc":{"start":{"line":23,"column":30},"end":{"line":26,"column":6}},"line":23}},"f":{"0":7,"1":5}}
}
